#
# A fatal error has been detected by the Java Runtime Environment:
#
#  EXCEPTION_ACCESS_VIOLATION (0xc0000005) at pc=0x6da99633, pid=6492, tid=1500
#
# JRE version: 6.0_19-b04
# Java VM: Java HotSpot(TM) Client VM (16.2-b04 mixed mode windows-x86 )
# Problematic frame:
# V  [jvm.dll+0x1e9633]
#
# If you would like to submit a bug report, please visit:
#   http://java.sun.com/webapps/bugreport/crash.jsp
#

---------------  T H R E A D  ---------------

Current thread (0x0229d800):  JavaThread "JDWP Transport Listener: dt_socket" daemon [_thread_in_vm, id=1500, stack(0x18720000,0x18770000)]

siginfo: ExceptionCode=0xc0000005, reading address 0x0000000c

Registers:
EAX=0x00000000, EBX=0x6d44e124, ECX=0x0000000c, EDX=0x00000000
ESP=0x1876fc18, EBP=0x1876fc20, ESI=0x0000000c, EDI=0x00000004
EIP=0x6da99633, EFLAGS=0x00010202

Top of Stack: (sp=0x1876fc18)
0x1876fc18:   0229d238 00000004 1876fc38 6da99672
0x1876fc28:   0000000c 00000004 6d44e10c 0229d238
0x1876fc38:   1876fc48 6d9a3660 0000000c 00000004
0x1876fc48:   1876fc80 6d9b1e47 04337eb0 6d44e10c
0x1876fc58:   0229d910 6d44e124 00000004 0229daf0
0x1876fc68:   0229daf8 0229dee4 0229d800 00000000
0x1876fc78:   0229d910 1876fe54 6d44e94c 6d4362bd
0x1876fc88:   0229d800 19125d80 00000000 1876fcb8 

Instructions: (pc=0x6da99633)
0x6da99623:   57 8b 7d 0c 33 c0 33 d2 85 ff 7e 2c 56 8b 75 08
0x6da99633:   66 8b 0c 56 66 83 f9 01 72 09 66 83 f9 7f 77 03 


Stack: [0x18720000,0x18770000],  sp=0x1876fc18,  free space=13f1876f580k
Native frames: (J=compiled Java code, j=interpreted, Vv=VM code, C=native code)
V  [jvm.dll+0x1e9633]
V  [jvm.dll+0x1e9672]
V  [jvm.dll+0xf3660]
V  [jvm.dll+0x101e47]


---------------  P R O C E S S  ---------------

Java Threads: ( => current thread )
  0x022bec00 JavaThread "Low Memory Detector" daemon [_thread_blocked, id=1236, stack(0x18ae0000,0x18b30000)]
  0x022b8800 JavaThread "CompilerThread0" daemon [_thread_blocked, id=9896, stack(0x18a50000,0x18aa0000)]
  0x022a3000 JavaThread "JDWP Command Reader" daemon [_thread_in_native, id=6320, stack(0x18a00000,0x18a50000)]
  0x022a2000 JavaThread "JDWP Event Helper Thread" daemon [_thread_blocked, id=7100, stack(0x18930000,0x18980000)]
=>0x0229d800 JavaThread "JDWP Transport Listener: dt_socket" daemon [_thread_in_vm, id=1500, stack(0x18720000,0x18770000)]
  0x0228f800 JavaThread "Attach Listener" daemon [_thread_blocked, id=7868, stack(0x184b0000,0x18500000)]
  0x0228c400 JavaThread "Signal Dispatcher" daemon [_thread_blocked, id=8288, stack(0x18420000,0x18470000)]
  0x0225f400 JavaThread "Finalizer" daemon [_thread_blocked, id=8016, stack(0x18390000,0x183e0000)]
  0x0225ac00 JavaThread "Reference Handler" daemon [_thread_blocked, id=2044, stack(0x18300000,0x18350000)]
  0x01d8e400 JavaThread "main" [_thread_blocked, id=5456, stack(0x001f0000,0x00240000)]

Other Threads:
  0x02258000 VMThread [stack: 0x01d90000,0x01de0000] [id=9188]
  0x022bf800 WatcherThread [stack: 0x18b70000,0x18bc0000] [id=2444]

VM state:not at safepoint (normal execution)

VM Mutex/Monitor currently owned by a thread: None

Heap
 def new generation   total 4928K, used 937K [0x042c0000, 0x04810000, 0x09810000)
  eden space 4416K,  11% used [0x042c0000, 0x04339c60, 0x04710000)
  from space 512K,  87% used [0x04790000, 0x04800988, 0x04810000)
  to   space 512K,   0% used [0x04710000, 0x04710000, 0x04790000)
 tenured generation   total 10944K, used 936K [0x09810000, 0x0a2c0000, 0x142c0000)
   the space 10944K,   8% used [0x09810000, 0x098fa268, 0x098fa400, 0x0a2c0000)
 compacting perm gen  total 12288K, used 11262K [0x142c0000, 0x14ec0000, 0x182c0000)
   the space 12288K,  91% used [0x142c0000, 0x14dbf9a8, 0x14dbfa00, 0x14ec0000)
No shared spaces configured.

Dynamic libraries:
0x00400000 - 0x00424000 	C:\jdk1.6.0_19\bin\javaw.exe
0x77e80000 - 0x78000000 	C:\Windows\SysWOW64\ntdll.dll
0x76230000 - 0x76340000 	C:\Windows\syswow64\kernel32.dll
0x778f0000 - 0x77937000 	C:\Windows\syswow64\KERNELBASE.dll
0x77400000 - 0x774a0000 	C:\Windows\syswow64\ADVAPI32.dll
0x77530000 - 0x775dc000 	C:\Windows\syswow64\msvcrt.dll
0x75c70000 - 0x75c89000 	C:\Windows\SysWOW64\sechost.dll
0x77280000 - 0x77370000 	C:\Windows\syswow64\RPCRT4.dll
0x759e0000 - 0x75a40000 	C:\Windows\syswow64\SspiCli.dll
0x759d0000 - 0x759dc000 	C:\Windows\syswow64\CRYPTBASE.dll
0x75e50000 - 0x75f50000 	C:\Windows\syswow64\USER32.dll
0x75a40000 - 0x75ad0000 	C:\Windows\syswow64\GDI32.dll
0x76340000 - 0x7634a000 	C:\Windows\syswow64\LPK.dll
0x75db0000 - 0x75e4d000 	C:\Windows\syswow64\USP10.dll
0x77370000 - 0x773d0000 	C:\Windows\system32\IMM32.DLL
0x75f60000 - 0x7602c000 	C:\Windows\syswow64\MSCTF.dll
0x7c340000 - 0x7c396000 	C:\jdk1.6.0_19\jre\bin\msvcr71.dll
0x6d8b0000 - 0x6db47000 	C:\jdk1.6.0_19\jre\bin\client\jvm.dll
0x6def0000 - 0x6df22000 	C:\Windows\system32\WINMM.dll
0x70020000 - 0x7006c000 	C:\Windows\system32\apphelp.dll
0x6d860000 - 0x6d86c000 	C:\jdk1.6.0_19\jre\bin\verify.dll
0x6d3e0000 - 0x6d3ff000 	C:\jdk1.6.0_19\jre\bin\java.dll
0x6d340000 - 0x6d348000 	C:\jdk1.6.0_19\jre\bin\hpi.dll
0x77270000 - 0x77275000 	C:\Windows\syswow64\PSAPI.DLL
0x6d430000 - 0x6d459000 	C:\jdk1.6.0_19\jre\bin\jdwp.dll
0x6d750000 - 0x6d756000 	C:\jdk1.6.0_19\jre\bin\npt.dll
0x6d8a0000 - 0x6d8af000 	C:\jdk1.6.0_19\jre\bin\zip.dll
0x6d2b0000 - 0x6d2b7000 	C:\jdk1.6.0_19\jre\bin\dt_socket.dll
0x75c30000 - 0x75c65000 	C:\Windows\syswow64\WS2_32.dll
0x77260000 - 0x77266000 	C:\Windows\syswow64\NSI.dll
0x6eff0000 - 0x6f000000 	C:\Windows\system32\NLAapi.dll
0x6eed0000 - 0x6eee0000 	C:\Windows\system32\napinsp.dll
0x6eeb0000 - 0x6eec2000 	C:\Windows\system32\pnrpnsp.dll
0x74fe0000 - 0x7501c000 	C:\Windows\System32\mswsock.dll
0x70a00000 - 0x70a44000 	C:\Windows\system32\DNSAPI.dll
0x6eea0000 - 0x6eea8000 	C:\Windows\System32\winrnr.dll
0x6ee90000 - 0x6ee9d000 	C:\Windows\system32\wshbth.dll
0x75060000 - 0x7507c000 	C:\Windows\system32\IPHLPAPI.DLL
0x75050000 - 0x75057000 	C:\Windows\system32\WINNSI.DLL
0x6fe70000 - 0x6fea8000 	C:\Windows\System32\fwpuclnt.dll
0x709f0000 - 0x709f6000 	C:\Windows\system32\rasadhlp.dll
0x74fd0000 - 0x74fd5000 	C:\Windows\System32\wshtcpip.dll
0x6d840000 - 0x6d848000 	C:\jdk1.6.0_19\jre\bin\sunmscapi.dll
0x75c90000 - 0x75db0000 	C:\Windows\syswow64\CRYPT32.dll
0x77e50000 - 0x77e5c000 	C:\Windows\syswow64\MSASN1.dll
0x6d6c0000 - 0x6d6d3000 	C:\jdk1.6.0_19\jre\bin\net.dll
0x70b20000 - 0x70b26000 	C:\Windows\System32\wship6.dll

VM Arguments:
jvm_args: -agentlib:jdwp=transport=dt_socket,suspend=y,address=localhost:65309 -Dfile.encoding=UTF-8 
java_command: org.sameer.jdbc.JdbcDemo
Launcher Type: SUN_STANDARD

Environment Variables:
JAVA_HOME=C:\jdk1.6.0_19
PATH=C:\jdk1.6.0_19\jre\bin;C:/jdk1.6.0_19/bin/../jre/bin/client;C:/jdk1.6.0_19/bin/../jre/bin;C:/jdk1.6.0_19/bin/../jre/lib/i386;C:\Windows\system32;C:\Windows;C:\Windows\System32\Wbem;C:\Windows\System32\WindowsPowerShell\v1.0\;C:\Program Files\1E\NomadBranch\;C:\jdk1.6.0_19\bin;C:\Stuffs\db-derby-10.10.2.0-bin\bin
USERNAME=Sameer_Kausar
OS=Windows_NT
PROCESSOR_IDENTIFIER=Intel64 Family 6 Model 58 Stepping 9, GenuineIntel



---------------  S Y S T E M  ---------------

OS: Windows 7 Build 7601 Service Pack 1

CPU:total 4 (8 cores per cpu, 2 threads per core) family 6 model 58 stepping 9, cmov, cx8, fxsr, mmx, sse, sse2, sse3, ssse3, sse4.1, sse4.2, popcnt, ht

Memory: 4k page, physical 6161780k(1109460k free), swap 12321700k(3058160k free)

vm_info: Java HotSpot(TM) Client VM (16.2-b04) for windows-x86 JRE (1.6.0_19-b04), built on Mar  9 2010 00:48:41 by "java_re" with MS VC++ 7.1 (VS2003)

time: Wed Jun 18 17:26:44 2014
elapsed time: 2696 seconds

